# JRE version: OpenJDK Runtime Environment (8.0_242-b01) (build 1.8.0_242-release-1644-b01)
# Java VM: OpenJDK 64-Bit Server VM (25.242-b01 mixed mode windows-amd64 compressed oops)
Heap:
 PSYoungGen      total 221184K, used 183184K [0x00000000d5580000, 0x00000000e4b00000, 0x0000000100000000)
  eden space 203264K, 83% used [0x00000000d5580000,0x00000000dfbe8308,0x00000000e1c00000)
  from space 17920K, 71% used [0x00000000e3980000,0x00000000e45fc030,0x00000000e4b00000)
  to   space 24064K, 0% used [0x00000000e1c00000,0x00000000e1c00000,0x00000000e3380000)
 ParOldGen       total 187392K, used 45039K [0x0000000080000000, 0x000000008b700000, 0x00000000d5580000)
  object space 187392K, 24% used [0x0000000080000000,0x0000000082bfbfd0,0x000000008b700000)
 Metaspace       used 74078K, capacity 78098K, committed 78424K, reserved 1118208K
  class space    used 9800K, capacity 10546K, committed 10624K, reserved 1048576K
GC Heap History (10 events):
Event: 16.196 GC heap before
{Heap before GC invocations=13 (full 2):
 PSYoungGen      total 167936K, used 79069K [0x00000000d5580000, 0x00000000e1400000, 0x0000000100000000)
  eden space 155136K, 42% used [0x00000000d5580000,0x00000000d963e360,0x00000000ded00000)
  from space 12800K, 99% used [0x00000000dfe80000,0x00000000e0af9330,0x00000000e0b00000)
  to   space 17920K, 0% used [0x00000000ded00000,0x00000000ded00000,0x00000000dfe80000)
 ParOldGen       total 121344K, used 25047K [0x0000000080000000, 0x0000000087680000, 0x00000000d5580000)
  object space 121344K, 20% used [0x0000000080000000,0x0000000081875ce0,0x0000000087680000)
 Metaspace       used 56507K, capacity 58876K, committed 58968K, reserved 1099776K
  class space    used 7726K, capacity 8235K, committed 8320K, reserved 1048576K
Event: 16.234 GC heap after
Heap after GC invocations=13 (full 2):
 PSYoungGen      total 173056K, used 17903K [0x00000000d5580000, 0x00000000e3400000, 0x0000000100000000)
  eden space 155136K, 0% used [0x00000000d5580000,0x00000000d5580000,0x00000000ded00000)
  from space 17920K, 99% used [0x00000000ded00000,0x00000000dfe7bcc0,0x00000000dfe80000)
  to   space 20992K, 0% used [0x00000000e1f80000,0x00000000e1f80000,0x00000000e3400000)
 ParOldGen       total 121344K, used 27469K [0x0000000080000000, 0x0000000087680000, 0x00000000d5580000)
  object space 121344K, 22% used [0x0000000080000000,0x0000000081ad3528,0x0000000087680000)
 Metaspace       used 56507K, capacity 58876K, committed 58968K, reserved 1099776K
  class space    used 7726K, capacity 8235K, committed 8320K, reserved 1048576K
}
Event: 16.234 GC heap before
{Heap before GC invocations=14 (full 3):
 PSYoungGen      total 173056K, used 17903K [0x00000000d5580000, 0x00000000e3400000, 0x0000000100000000)
  eden space 155136K, 0% used [0x00000000d5580000,0x00000000d5580000,0x00000000ded00000)
  from space 17920K, 99% used [0x00000000ded00000,0x00000000dfe7bcc0,0x00000000dfe80000)
  to   space 20992K, 0% used [0x00000000e1f80000,0x00000000e1f80000,0x00000000e3400000)
 ParOldGen       total 121344K, used 27469K [0x0000000080000000, 0x0000000087680000, 0x00000000d5580000)
  object space 121344K, 22% used [0x0000000080000000,0x0000000081ad3528,0x0000000087680000)
 Metaspace       used 56507K, capacity 58876K, committed 58968K, reserved 1099776K
  class space    used 7726K, capacity 8235K, committed 8320K, reserved 1048576K
Event: 16.587 GC heap after
Heap after GC invocations=14 (full 3):
 PSYoungGen      total 173056K, used 0K [0x00000000d5580000, 0x00000000e3400000, 0x0000000100000000)
  eden space 155136K, 0% used [0x00000000d5580000,0x00000000d5580000,0x00000000ded00000)
  from space 17920K, 0% used [0x00000000ded00000,0x00000000ded00000,0x00000000dfe80000)
  to   space 20992K, 0% used [0x00000000e1f80000,0x00000000e1f80000,0x00000000e3400000)
 ParOldGen       total 187392K, used 34923K [0x0000000080000000, 0x000000008b700000, 0x00000000d5580000)
  object space 187392K, 18% used [0x0000000080000000,0x000000008221afd8,0x000000008b700000)
 Metaspace       used 56487K, capacity 58810K, committed 58968K, reserved 1099776K
  class space    used 7720K, capacity 8224K, committed 8320K, reserved 1048576K
}
Event: 21.083 GC heap before
{Heap before GC invocations=15 (full 3):
 PSYoungGen      total 173056K, used 155136K [0x00000000d5580000, 0x00000000e3400000, 0x0000000100000000)
  eden space 155136K, 100% used [0x00000000d5580000,0x00000000ded00000,0x00000000ded00000)
  from space 17920K, 0% used [0x00000000ded00000,0x00000000ded00000,0x00000000dfe80000)
  to   space 20992K, 0% used [0x00000000e1f80000,0x00000000e1f80000,0x00000000e3400000)
 ParOldGen       total 187392K, used 34923K [0x0000000080000000, 0x000000008b700000, 0x00000000d5580000)
  object space 187392K, 18% used [0x0000000080000000,0x000000008221afd8,0x000000008b700000)
 Metaspace       used 63647K, capacity 66952K, committed 67288K, reserved 1107968K
  class space    used 8813K, capacity 9429K, committed 9472K, reserved 1048576K
Event: 21.104 GC heap after
Heap after GC invocations=15 (full 3):
 PSYoungGen      total 200704K, used 14880K [0x00000000d5580000, 0x00000000e3180000, 0x0000000100000000)
  eden space 182272K, 0% used [0x00000000d5580000,0x00000000d5580000,0x00000000e0780000)
  from space 18432K, 80% used [0x00000000e1f80000,0x00000000e2e081e0,0x00000000e3180000)
  to   space 21504K, 0% used [0x00000000e0780000,0x00000000e0780000,0x00000000e1c80000)
 ParOldGen       total 187392K, used 34931K [0x0000000080000000, 0x000000008b700000, 0x00000000d5580000)
  object space 187392K, 18% used [0x0000000080000000,0x000000008221cfd8,0x000000008b700000)
 Metaspace       used 63647K, capacity 66952K, committed 67288K, reserved 1107968K
  class space    used 8813K, capacity 9429K, committed 9472K, reserved 1048576K
}
Event: 418.354 GC heap before
{Heap before GC invocations=16 (full 3):
 PSYoungGen      total 200704K, used 197152K [0x00000000d5580000, 0x00000000e3180000, 0x0000000100000000)
  eden space 182272K, 100% used [0x00000000d5580000,0x00000000e0780000,0x00000000e0780000)
  from space 18432K, 80% used [0x00000000e1f80000,0x00000000e2e081e0,0x00000000e3180000)
  to   space 21504K, 0% used [0x00000000e0780000,0x00000000e0780000,0x00000000e1c80000)
 ParOldGen       total 187392K, used 34931K [0x0000000080000000, 0x000000008b700000, 0x00000000d5580000)
  object space 187392K, 18% used [0x0000000080000000,0x000000008221cfd8,0x000000008b700000)
 Metaspace       used 68122K, capacity 71652K, committed 71768K, reserved 1112064K
  class space    used 9102K, capacity 9755K, committed 9856K, reserved 1048576K
Event: 418.373 GC heap after
Heap after GC invocations=16 (full 3):
 PSYoungGen      total 203776K, used 21478K [0x00000000d5580000, 0x00000000e5200000, 0x0000000100000000)
  eden space 182272K, 0% used [0x00000000d5580000,0x00000000d5580000,0x00000000e0780000)
  from space 21504K, 99% used [0x00000000e0780000,0x00000000e1c79a10,0x00000000e1c80000)
  to   space 25088K, 0% used [0x00000000e3980000,0x00000000e3980000,0x00000000e5200000)
 ParOldGen       total 187392K, used 35757K [0x0000000080000000, 0x000000008b700000, 0x00000000d5580000)
  object space 187392K, 19% used [0x0000000080000000,0x00000000822eb5c0,0x000000008b700000)
 Metaspace       used 68122K, capacity 71652K, committed 71768K, reserved 1112064K
  class space    used 9102K, capacity 9755K, committed 9856K, reserved 1048576K
}
Event: 548.289 GC heap before
{Heap before GC invocations=17 (full 3):
 PSYoungGen      total 203776K, used 203750K [0x00000000d5580000, 0x00000000e5200000, 0x0000000100000000)
  eden space 182272K, 100% used [0x00000000d5580000,0x00000000e0780000,0x00000000e0780000)
  from space 21504K, 99% used [0x00000000e0780000,0x00000000e1c79a10,0x00000000e1c80000)
  to   space 25088K, 0% used [0x00000000e3980000,0x00000000e3980000,0x00000000e5200000)
 ParOldGen       total 187392K, used 35757K [0x0000000080000000, 0x000000008b700000, 0x00000000d5580000)
  object space 187392K, 19% used [0x0000000080000000,0x00000000822eb5c0,0x000000008b700000)
 Metaspace       used 68952K, capacity 72668K, committed 72920K, reserved 1112064K
  class space    used 9159K, capacity 9883K, committed 9984K, reserved 1048576K
Event: 548.306 GC heap after
Heap after GC invocations=17 (full 3):
 PSYoungGen      total 221184K, used 12784K [0x00000000d5580000, 0x00000000e4b00000, 0x0000000100000000)
  eden space 203264K, 0% used [0x00000000d5580000,0x00000000d5580000,0x00000000e1c00000)
  from space 17920K, 71% used [0x00000000e3980000,0x00000000e45fc030,0x00000000e4b00000)
  to   space 24064K, 0% used [0x00000000e1c00000,0x00000000e1c00000,0x00000000e3380000)
 ParOldGen       total 187392K, used 45039K [0x0000000080000000, 0x000000008b700000, 0x00000000d5580000)
  object space 187392K, 24% used [0x0000000080000000,0x0000000082bfbfd0,0x000000008b700000)
 Metaspace       used 68952K, capacity 72668K, committed 72920K, reserved 1112064K
  class space    used 9159K, capacity 9883K, committed 9984K, reserved 1048576K
}

